<?xml version="1.0" encoding="UTF-8"?>
<robot generator="Robot 5.0.1 (Python 3.10.5 on win32)" generated="20220921 23:20:20.026" rpa="false" schemaversion="3">
<suite id="s1" name="Pedido" source="C:\qaninja\mercanet-mobile\app\tests\pedido.robot">
<test id="s1-t1" name="Deve gravar um pedido" line="28">
<kw name="Open Session" library="base" type="SETUP">
<kw name="Open Application" library="AppiumLibrary">
<arg>http://127.0.0.1:4723/wd/hub</arg>
<arg>automationName=UiAutomator2</arg>
<arg>platformName=Android</arg>
<arg>deviceName=Emulator</arg>
<arg>app=C:\\qaninja\\mercanet-mobile\\app\\mercanet.apk</arg>
<arg>appActivity="com.mercanet.android.application.activities.BasesDisponiveisActivity"</arg>
<arg>appPackage="com.mercanet.android"</arg>
<doc>Opens a new application to given Appium server.
Capabilities of appium server, Android and iOS,
Please check https://github.com/appium/appium/blob/master/docs/en/writing-running-appium/server-args.md
| *Option*            | *Man.* | *Description*     |
| remote_url          | Yes    | Appium server url |
| alias               | no     | alias             |</doc>
<status status="PASS" starttime="20220921 23:20:20.412" endtime="20220921 23:20:38.098"/>
</kw>
<status status="PASS" starttime="20220921 23:20:20.412" endtime="20220921 23:20:38.098"/>
</kw>
<kw name="Login" library="helpers">
<kw name="Press Keycode" library="AppiumLibrary">
<arg>66</arg>
<doc>Sends a press of keycode to the device.</doc>
<status status="PASS" starttime="20220921 23:20:38.100" endtime="20220921 23:20:41.669"/>
</kw>
<kw name="Wait Until Page Contains Element" library="AppiumLibrary">
<arg>id=com.mercanet.android:id/login_txtSenha</arg>
<arg>10s</arg>
<doc>Waits until element specified with `locator` appears on current page.</doc>
<status status="PASS" starttime="20220921 23:20:41.669" endtime="20220921 23:20:44.582"/>
</kw>
<kw name="Input Text" library="AppiumLibrary">
<arg>id=com.mercanet.android:id/login_txtSenha</arg>
<arg>123456</arg>
<doc>Types the given `text` into text field identified by `locator`.</doc>
<msg timestamp="20220921 23:20:44.591" level="INFO">Typing text '123456' into text field 'id=com.mercanet.android:id/login_txtSenha'</msg>
<status status="PASS" starttime="20220921 23:20:44.582" endtime="20220921 23:20:46.442"/>
</kw>
<kw name="Press Keycode" library="AppiumLibrary">
<arg>66</arg>
<doc>Sends a press of keycode to the device.</doc>
<status status="PASS" starttime="20220921 23:20:46.442" endtime="20220921 23:20:47.038"/>
</kw>
<kw name="Press Keycode" library="AppiumLibrary">
<arg>66</arg>
<doc>Sends a press of keycode to the device.</doc>
<status status="PASS" starttime="20220921 23:20:47.038" endtime="20220921 23:20:48.231"/>
</kw>
<kw name="Run Keyword And Return Status" library="BuiltIn">
<var>${close}</var>
<arg>Element Should Be Visible</arg>
<arg>xpath=//android.widget.Button[contains(@text, 'FECHAR')]</arg>
<doc>Runs the given keyword with given arguments and returns the status as a Boolean value.</doc>
<kw name="Element Should Be Visible" library="AppiumLibrary">
<arg>xpath=//android.widget.Button[contains(@text, 'FECHAR')]</arg>
<doc>Verifies that element identified with locator is visible.</doc>
<status status="PASS" starttime="20220921 23:20:48.232" endtime="20220921 23:20:52.374"/>
</kw>
<msg timestamp="20220921 23:20:52.374" level="INFO">${close} = True</msg>
<status status="PASS" starttime="20220921 23:20:48.231" endtime="20220921 23:20:52.374"/>
</kw>
<kw name="Run Keyword If" library="BuiltIn">
<arg>${close}</arg>
<arg>Click Element</arg>
<arg>xpath=//android.widget.Button[contains(@text, 'FECHAR')]</arg>
<doc>Runs the given keyword with the given arguments, if ``condition`` is true.</doc>
<kw name="Click Element" library="AppiumLibrary">
<arg>xpath=//android.widget.Button[contains(@text, 'FECHAR')]</arg>
<doc>Click element identified by `locator`.</doc>
<msg timestamp="20220921 23:20:52.384" level="INFO">Clicking element 'xpath=//android.widget.Button[contains(@text, 'FECHAR')]'.</msg>
<status status="PASS" starttime="20220921 23:20:52.376" endtime="20220921 23:20:52.826"/>
</kw>
<status status="PASS" starttime="20220921 23:20:52.375" endtime="20220921 23:20:52.826"/>
</kw>
<status status="PASS" starttime="20220921 23:20:38.099" endtime="20220921 23:20:52.827"/>
</kw>
<kw name="Go to Sales" library="helpers">
<kw name="Wait Until Element Is Visible" library="AppiumLibrary">
<arg>class= android.widget.ImageButton</arg>
<arg>10s</arg>
<doc>Waits until element specified with `locator` is visible.</doc>
<status status="PASS" starttime="20220921 23:20:52.828" endtime="20220921 23:20:59.524"/>
</kw>
<kw name="Click Element" library="AppiumLibrary">
<arg>class= android.widget.ImageButton</arg>
<doc>Click element identified by `locator`.</doc>
<msg timestamp="20220921 23:20:59.532" level="INFO">Clicking element 'class= android.widget.ImageButton'.</msg>
<status status="PASS" starttime="20220921 23:20:59.525" endtime="20220921 23:20:59.688"/>
</kw>
<kw name="Click Text" library="AppiumLibrary">
<arg>Carteira de Clientes</arg>
<doc>Click text identified by ``text``.</doc>
<status status="PASS" starttime="20220921 23:20:59.689" endtime="20220921 23:21:00.772"/>
</kw>
<kw name="Click Element" library="AppiumLibrary">
<arg>${GOCLI}</arg>
<doc>Click element identified by `locator`.</doc>
<msg timestamp="20220921 23:21:00.780" level="INFO">Clicking element 'xpath=//android.widget.TextView[contains(@text, 'Clientes')]'.</msg>
<status status="PASS" starttime="20220921 23:21:00.773" endtime="20220921 23:21:01.836"/>
</kw>
<kw name="Wait Until Element Is Visible" library="AppiumLibrary">
<arg>${CLICKCLI}</arg>
<doc>Waits until element specified with `locator` is visible.</doc>
<status status="PASS" starttime="20220921 23:21:01.837" endtime="20220921 23:21:03.048"/>
</kw>
<kw name="Click Element" library="AppiumLibrary">
<arg>${CLICKCLI}</arg>
<doc>Click element identified by `locator`.</doc>
<msg timestamp="20220921 23:21:03.054" level="INFO">Clicking element 'xpath=//android.widget.TextView[contains(@text, 'Carteira de Clientes')]'.</msg>
<status status="PASS" starttime="20220921 23:21:03.048" endtime="20220921 23:21:03.892"/>
</kw>
<kw name="Wait Until Element Is Visible" library="AppiumLibrary">
<arg>${LISTCLI}</arg>
<doc>Waits until element specified with `locator` is visible.</doc>
<status status="PASS" starttime="20220921 23:21:03.893" endtime="20220921 23:21:05.484"/>
</kw>
<kw name="Long Press" library="AppiumLibrary">
<arg>${SLCCLI}</arg>
<doc>Long press the element with optional duration</doc>
<status status="PASS" starttime="20220921 23:21:05.485" endtime="20220921 23:21:08.522"/>
</kw>
<kw name="Click Text" library="AppiumLibrary">
<arg>Emitir Pedido</arg>
<doc>Click text identified by ``text``.</doc>
<status status="PASS" starttime="20220921 23:21:08.523" endtime="20220921 23:21:08.797"/>
</kw>
<kw name="Wait Until Element Is Visible" library="AppiumLibrary">
<arg>${BARINFPED}</arg>
<arg>10</arg>
<doc>Waits until element specified with `locator` is visible.</doc>
<status status="PASS" starttime="20220921 23:21:08.797" endtime="20220921 23:21:17.020"/>
</kw>
<status status="PASS" starttime="20220921 23:20:52.827" endtime="20220921 23:21:17.020"/>
</kw>
<kw name="Click Text" library="AppiumLibrary">
<arg>Tipo de Pedido</arg>
<doc>Click text identified by ``text``.</doc>
<status status="PASS" starttime="20220921 23:21:17.021" endtime="20220921 23:21:17.561"/>
</kw>
<kw name="Wait Until Page Contains Element" library="AppiumLibrary">
<arg>${TIPOPED}</arg>
<doc>Waits until element specified with `locator` appears on current page.</doc>
<status status="PASS" starttime="20220921 23:21:17.562" endtime="20220921 23:21:18.631"/>
</kw>
<kw name="Click Element" library="AppiumLibrary">
<arg>${TIPOPED}</arg>
<doc>Click element identified by `locator`.</doc>
<msg timestamp="20220921 23:21:18.640" level="INFO">Clicking element 'xpath=//android.widget.TextView[contains(@text, '01 - Venda Normal')]'.</msg>
<status status="PASS" starttime="20220921 23:21:18.632" endtime="20220921 23:21:20.995"/>
</kw>
<kw name="Click Text" library="AppiumLibrary">
<arg>Condição de Pagamento</arg>
<doc>Click text identified by ``text``.</doc>
<status status="PASS" starttime="20220921 23:21:20.996" endtime="20220921 23:21:21.376"/>
</kw>
<kw name="Wait Until Page Contains Element" library="AppiumLibrary">
<arg>${CONDPAGTO}</arg>
<doc>Waits until element specified with `locator` appears on current page.</doc>
<status status="PASS" starttime="20220921 23:21:21.377" endtime="20220921 23:21:22.447"/>
</kw>
<kw name="Click Element" library="AppiumLibrary">
<arg>${CONDPAGTO}</arg>
<doc>Click element identified by `locator`.</doc>
<msg timestamp="20220921 23:21:22.455" level="INFO">Clicking element 'xpath=//android.widget.TextView[contains(@text, '175 - À VISTA - 0 dias')]'.</msg>
<status status="PASS" starttime="20220921 23:21:22.449" endtime="20220921 23:21:23.921"/>
</kw>
<kw name="Swipe By Percent" library="AppiumLibrary">
<arg>77.31</arg>
<arg>68.43</arg>
<arg>71.57</arg>
<arg>53.12</arg>
<doc>Swipe from one percent of the screen to another percent, for an optional duration.
Normal swipe fails to scale for different screen resolutions, this can be avoided using percent.</doc>
<status status="PASS" starttime="20220921 23:21:23.922" endtime="20220921 23:21:25.612"/>
</kw>
<kw name="Wait Until Page Contains Element" library="AppiumLibrary">
<arg>${FORMAPAGTO}</arg>
<doc>Waits until element specified with `locator` appears on current page.</doc>
<status status="PASS" starttime="20220921 23:21:25.613" endtime="20220921 23:21:25.882"/>
</kw>
<kw name="Click Element" library="AppiumLibrary">
<arg>${PESQITENS}</arg>
<doc>Click element identified by `locator`.</doc>
<msg timestamp="20220921 23:21:25.887" level="INFO">Clicking element 'xpath=//android.widget.LinearLayout[@content-desc="PesquisaItens"]'.</msg>
<status status="PASS" starttime="20220921 23:21:25.883" endtime="20220921 23:21:26.173"/>
</kw>
<kw name="Discard itens" library="helpers">
<kw name="Run Keyword And Return Status" library="BuiltIn">
<var>${present}</var>
<arg>Element Should Be Visible</arg>
<arg>xpath=//android.widget.Button[contains(@text, 'DESCARTAR ITENS')]</arg>
<doc>Runs the given keyword with given arguments and returns the status as a Boolean value.</doc>
<kw name="Element Should Be Visible" library="AppiumLibrary">
<arg>xpath=//android.widget.Button[contains(@text, 'DESCARTAR ITENS')]</arg>
<doc>Verifies that element identified with locator is visible.</doc>
<status status="PASS" starttime="20220921 23:21:26.177" endtime="20220921 23:21:28.650"/>
</kw>
<msg timestamp="20220921 23:21:28.651" level="INFO">${present} = True</msg>
<status status="PASS" starttime="20220921 23:21:26.176" endtime="20220921 23:21:28.652"/>
</kw>
<kw name="Run Keyword If" library="BuiltIn">
<arg>${present}</arg>
<arg>Click Element</arg>
<arg>xpath=//android.widget.Button[contains(@text, 'DESCARTAR ITENS')]</arg>
<doc>Runs the given keyword with the given arguments, if ``condition`` is true.</doc>
<kw name="Click Element" library="AppiumLibrary">
<arg>xpath=//android.widget.Button[contains(@text, 'DESCARTAR ITENS')]</arg>
<doc>Click element identified by `locator`.</doc>
<msg timestamp="20220921 23:21:28.661" level="INFO">Clicking element 'xpath=//android.widget.Button[contains(@text, 'DESCARTAR ITENS')]'.</msg>
<status status="PASS" starttime="20220921 23:21:28.653" endtime="20220921 23:21:28.856"/>
</kw>
<status status="PASS" starttime="20220921 23:21:28.652" endtime="20220921 23:21:28.856"/>
</kw>
<status status="PASS" starttime="20220921 23:21:26.175" endtime="20220921 23:21:28.857"/>
</kw>
<kw name="Wait Until Page Contains Element" library="AppiumLibrary">
<arg>${GOITENS}</arg>
<doc>Waits until element specified with `locator` appears on current page.</doc>
<status status="PASS" starttime="20220921 23:21:28.858" endtime="20220921 23:21:29.185"/>
</kw>
<kw name="Click Element" library="AppiumLibrary">
<arg>${GOITENS}</arg>
<doc>Click element identified by `locator`.</doc>
<msg timestamp="20220921 23:21:29.191" level="INFO">Clicking element 'xpath=//android.widget.TextView[contains(@text, 'Exibindo 0 iten(s)')]'.</msg>
<status status="PASS" starttime="20220921 23:21:29.186" endtime="20220921 23:21:29.699"/>
</kw>
<kw name="Wait Until Page Contains Element" library="AppiumLibrary">
<arg>${GRUPOPROD}</arg>
<doc>Waits until element specified with `locator` appears on current page.</doc>
<status status="PASS" starttime="20220921 23:21:29.700" endtime="20220921 23:21:30.217"/>
</kw>
<kw name="Click Element" library="AppiumLibrary">
<arg>${GRUPOPROD}</arg>
<doc>Click element identified by `locator`.</doc>
<msg timestamp="20220921 23:21:30.226" level="INFO">Clicking element 'xpath=//android.widget.TextView[contains(@text, 'Famílias')]'.</msg>
<status status="PASS" starttime="20220921 23:21:30.217" endtime="20220921 23:21:32.252"/>
</kw>
<kw name="Wait Until Page Contains Element" library="AppiumLibrary">
<arg>xpath=//android.widget.TextView[contains(@text, 'BLACK')]</arg>
<doc>Waits until element specified with `locator` appears on current page.</doc>
<status status="PASS" starttime="20220921 23:21:32.253" endtime="20220921 23:21:32.544"/>
</kw>
<kw name="Click Element" library="AppiumLibrary">
<arg>xpath=//android.widget.TextView[contains(@text, 'BLACK')]</arg>
<doc>Click element identified by `locator`.</doc>
<msg timestamp="20220921 23:21:32.551" level="INFO">Clicking element 'xpath=//android.widget.TextView[contains(@text, 'BLACK')]'.</msg>
<status status="PASS" starttime="20220921 23:21:32.545" endtime="20220921 23:21:33.210"/>
</kw>
<kw name="Click Element" library="AppiumLibrary">
<arg>${BTNCONFIRMAR2}</arg>
<doc>Click element identified by `locator`.</doc>
<msg timestamp="20220921 23:21:33.219" level="INFO">Clicking element 'xpath=//android.widget.Button[@content-desc="Confirmar"]'.</msg>
<status status="PASS" starttime="20220921 23:21:33.211" endtime="20220921 23:21:34.006"/>
</kw>
<kw name="Wait Until Page Contains Element" library="AppiumLibrary">
<arg>xpath=//android.widget.TextView[contains(@text, '8841.70 - AD DISPLAY MODULO ARTDECO')]</arg>
<doc>Waits until element specified with `locator` appears on current page.</doc>
<status status="PASS" starttime="20220921 23:21:34.007" endtime="20220921 23:21:36.260"/>
</kw>
<kw name="Click Element" library="AppiumLibrary">
<arg>xpath=//android.widget.TextView[contains(@text, '8841.70 - AD DISPLAY MODULO ARTDECO')]</arg>
<doc>Click element identified by `locator`.</doc>
<msg timestamp="20220921 23:21:36.266" level="INFO">Clicking element 'xpath=//android.widget.TextView[contains(@text, '8841.70 - AD DISPLAY MODULO ARTDECO')]'.</msg>
<status status="PASS" starttime="20220921 23:21:36.261" endtime="20220921 23:21:36.610"/>
</kw>
<kw name="Wait Until Page Contains Element" library="AppiumLibrary">
<arg>${QTD}</arg>
<arg>10s</arg>
<doc>Waits until element specified with `locator` appears on current page.</doc>
<status status="PASS" starttime="20220921 23:21:36.611" endtime="20220921 23:21:41.213"/>
</kw>
<kw name="Input Text" library="AppiumLibrary">
<arg>${QTD}</arg>
<arg>2</arg>
<doc>Types the given `text` into text field identified by `locator`.</doc>
<msg timestamp="20220921 23:21:41.222" level="INFO">Typing text '2' into text field 'xpath=//android.widget.LinearLayout[1]/android.widget.EditText'</msg>
<status status="PASS" starttime="20220921 23:21:41.214" endtime="20220921 23:21:41.834"/>
</kw>
<kw name="Click Element" library="AppiumLibrary">
<arg>${BTNCONFIRMAR2}</arg>
<doc>Click element identified by `locator`.</doc>
<msg timestamp="20220921 23:21:41.843" level="INFO">Clicking element 'xpath=//android.widget.Button[@content-desc="Confirmar"]'.</msg>
<status status="PASS" starttime="20220921 23:21:41.835" endtime="20220921 23:21:42.549"/>
</kw>
<kw name="Wait Until Page Contains Element" library="AppiumLibrary">
<arg>xpath=//android.widget.LinearLayout[1]/android.widget.LinearLayout/android.widget.ImageView</arg>
<doc>Waits until element specified with `locator` appears on current page.</doc>
<status status="PASS" starttime="20220921 23:21:42.551" endtime="20220921 23:21:46.935"/>
</kw>
<kw name="Click Element" library="AppiumLibrary">
<arg>${ABAENTREGA}</arg>
<doc>Click element identified by `locator`.</doc>
<msg timestamp="20220921 23:21:46.941" level="INFO">Clicking element 'xpath=//android.widget.LinearLayout[@content-desc="Entrega"]/android.widget.TextView'.</msg>
<status status="PASS" starttime="20220921 23:21:46.936" endtime="20220921 23:21:47.801"/>
</kw>
<kw name="Wait Until Page Contains Element" library="AppiumLibrary">
<arg>${ENDALT}</arg>
<doc>Waits until element specified with `locator` appears on current page.</doc>
<status status="PASS" starttime="20220921 23:21:47.802" endtime="20220921 23:21:48.641"/>
</kw>
<kw name="Click Element" library="AppiumLibrary">
<arg>${ENDALT}</arg>
<doc>Click element identified by `locator`.</doc>
<msg timestamp="20220921 23:21:48.647" level="INFO">Clicking element 'xpath=//android.widget.TextView[contains(@text, 'Endereço Alternativo')]'.</msg>
<status status="PASS" starttime="20220921 23:21:48.642" endtime="20220921 23:21:49.149"/>
</kw>
<kw name="Wait Until Page Contains Element" library="AppiumLibrary">
<arg>${ENDCLI}</arg>
<doc>Waits until element specified with `locator` appears on current page.</doc>
<status status="PASS" starttime="20220921 23:21:49.150" endtime="20220921 23:21:49.534"/>
</kw>
<kw name="Click Element" library="AppiumLibrary">
<arg>${ENDCLI}</arg>
<doc>Click element identified by `locator`.</doc>
<msg timestamp="20220921 23:21:49.542" level="INFO">Clicking element 'xpath=//android.widget.TextView[contains(@text, 'Endereço do Cliente')]'.</msg>
<status status="PASS" starttime="20220921 23:21:49.535" endtime="20220921 23:21:50.724"/>
</kw>
<kw name="Wait Until Page Contains Element" library="AppiumLibrary">
<arg>${CONFPED}</arg>
<doc>Waits until element specified with `locator` appears on current page.</doc>
<status status="PASS" starttime="20220921 23:21:50.726" endtime="20220921 23:21:50.865"/>
</kw>
<kw name="Click Element" library="AppiumLibrary">
<arg>${CONFPED}</arg>
<doc>Click element identified by `locator`.</doc>
<msg timestamp="20220921 23:21:50.871" level="INFO">Clicking element 'xpath=//android.widget.Button[@content-desc="Confirma"]'.</msg>
<status status="PASS" starttime="20220921 23:21:50.866" endtime="20220921 23:21:51.101"/>
</kw>
<kw name="Wait Until Page Contains Element" library="AppiumLibrary">
<arg>${BTNFINPED}</arg>
<arg>10s</arg>
<doc>Waits until element specified with `locator` appears on current page.</doc>
<status status="PASS" starttime="20220921 23:21:51.103" endtime="20220921 23:21:52.641"/>
</kw>
<kw name="Click Element" library="AppiumLibrary">
<arg>${BTNFINPED}</arg>
<doc>Click element identified by `locator`.</doc>
<msg timestamp="20220921 23:21:52.647" level="INFO">Clicking element 'xpath=//android.widget.LinearLayout/android.widget.Button[1]'.</msg>
<status status="PASS" starttime="20220921 23:21:52.642" endtime="20220921 23:21:52.797"/>
</kw>
<kw name="Sleep" library="BuiltIn">
<arg>4s</arg>
<doc>Pauses the test executed for the given time.</doc>
<msg timestamp="20220921 23:21:56.813" level="INFO">Slept 4 seconds</msg>
<status status="PASS" starttime="20220921 23:21:52.798" endtime="20220921 23:21:56.813"/>
</kw>
<kw name="Close Session" library="base" type="TEARDOWN">
<kw name="Capture Page Screenshot" library="AppiumLibrary">
<doc>Takes a screenshot of the current page and embeds it into the log.</doc>
<msg timestamp="20220921 23:21:57.899" level="INFO" html="true">&lt;/td&gt;&lt;/tr&gt;&lt;tr&gt;&lt;td colspan="3"&gt;&lt;a href="appium-screenshot-1.png"&gt;&lt;img src="appium-screenshot-1.png" width="800px"&gt;&lt;/a&gt;</msg>
<status status="PASS" starttime="20220921 23:21:56.816" endtime="20220921 23:21:57.900"/>
</kw>
<kw name="Close Application" library="AppiumLibrary">
<doc>Closes the current application and also close webdriver session.</doc>
<status status="PASS" starttime="20220921 23:21:57.900" endtime="20220921 23:21:59.249"/>
</kw>
<status status="PASS" starttime="20220921 23:21:56.814" endtime="20220921 23:21:59.250"/>
</kw>
<status status="PASS" starttime="20220921 23:20:20.410" endtime="20220921 23:21:59.254"/>
</test>
<status status="PASS" starttime="20220921 23:20:20.029" endtime="20220921 23:21:59.258"/>
</suite>
<statistics>
<total>
<stat pass="1" fail="0" skip="0">All Tests</stat>
</total>
<tag>
</tag>
<suite>
<stat pass="1" fail="0" skip="0" id="s1" name="Pedido">Pedido</stat>
</suite>
</statistics>
<errors>
</errors>
</robot>
