<?xml version="1.0" encoding="UTF-8"?>
<robot generator="Robot 5.0.1 (Python 3.10.5 on win32)" generated="20220920 23:45:06.416" rpa="false" schemaversion="3">
<suite id="s1" name="Pedido" source="C:\qaninja\mercanet-mobile\app\tests\pedido.robot">
<test id="s1-t1" name="Deve gravar um pedido" line="26">
<kw name="Open Session" library="base" type="SETUP">
<kw name="Open Application" library="AppiumLibrary">
<arg>http://127.0.0.1:4723/wd/hub</arg>
<arg>automationName=UiAutomator2</arg>
<arg>platformName=Android</arg>
<arg>deviceName=Emulator</arg>
<arg>app=C:\\qaninja\\mercanet-mobile\\app\\mercanet.apk</arg>
<arg>appActivity="com.mercanet.android.application.activities.BasesDisponiveisActivity"</arg>
<arg>appPackage="com.mercanet.android"</arg>
<doc>Opens a new application to given Appium server.
Capabilities of appium server, Android and iOS,
Please check https://github.com/appium/appium/blob/master/docs/en/writing-running-appium/server-args.md
| *Option*            | *Man.* | *Description*     |
| remote_url          | Yes    | Appium server url |
| alias               | no     | alias             |</doc>
<status status="PASS" starttime="20220920 23:45:06.835" endtime="20220920 23:45:23.350"/>
</kw>
<status status="PASS" starttime="20220920 23:45:06.834" endtime="20220920 23:45:23.350"/>
</kw>
<kw name="Login" library="helpers">
<kw name="Press Keycode" library="AppiumLibrary">
<arg>66</arg>
<doc>Sends a press of keycode to the device.</doc>
<status status="PASS" starttime="20220920 23:45:23.352" endtime="20220920 23:45:23.538"/>
</kw>
<kw name="Wait Until Page Contains Element" library="AppiumLibrary">
<arg>id=com.mercanet.android:id/login_txtSenha</arg>
<doc>Waits until element specified with `locator` appears on current page.</doc>
<status status="PASS" starttime="20220920 23:45:23.538" endtime="20220920 23:45:29.060"/>
</kw>
<kw name="Input Text" library="AppiumLibrary">
<arg>id=com.mercanet.android:id/login_txtSenha</arg>
<arg>123456</arg>
<doc>Types the given `text` into text field identified by `locator`.</doc>
<msg timestamp="20220920 23:45:29.069" level="INFO">Typing text '123456' into text field 'id=com.mercanet.android:id/login_txtSenha'</msg>
<status status="PASS" starttime="20220920 23:45:29.061" endtime="20220920 23:45:30.138"/>
</kw>
<kw name="Press Keycode" library="AppiumLibrary">
<arg>66</arg>
<doc>Sends a press of keycode to the device.</doc>
<status status="PASS" starttime="20220920 23:45:30.139" endtime="20220920 23:45:30.718"/>
</kw>
<kw name="Press Keycode" library="AppiumLibrary">
<arg>66</arg>
<doc>Sends a press of keycode to the device.</doc>
<status status="PASS" starttime="20220920 23:45:30.719" endtime="20220920 23:45:31.831"/>
</kw>
<status status="PASS" starttime="20220920 23:45:23.352" endtime="20220920 23:45:31.831"/>
</kw>
<kw name="Go to Sales" library="helpers">
<kw name="Wait Until Element Is Visible" library="AppiumLibrary">
<arg>class= android.widget.ImageButton</arg>
<arg>10s</arg>
<doc>Waits until element specified with `locator` is visible.</doc>
<status status="PASS" starttime="20220920 23:45:31.834" endtime="20220920 23:45:37.536"/>
</kw>
<kw name="Click Element" library="AppiumLibrary">
<arg>class= android.widget.ImageButton</arg>
<doc>Click element identified by `locator`.</doc>
<msg timestamp="20220920 23:45:37.543" level="INFO">Clicking element 'class= android.widget.ImageButton'.</msg>
<status status="PASS" starttime="20220920 23:45:37.536" endtime="20220920 23:45:38.660"/>
</kw>
<kw name="Click Text" library="AppiumLibrary">
<arg>Carteira de Clientes</arg>
<doc>Click text identified by ``text``.</doc>
<status status="PASS" starttime="20220920 23:45:38.661" endtime="20220920 23:45:39.892"/>
</kw>
<kw name="Click Element" library="AppiumLibrary">
<arg>${GOCLI}</arg>
<doc>Click element identified by `locator`.</doc>
<msg timestamp="20220920 23:45:39.899" level="INFO">Clicking element 'xpath=//android.widget.TextView[contains(@text, 'Clientes')]'.</msg>
<status status="PASS" starttime="20220920 23:45:39.892" endtime="20220920 23:45:40.938"/>
</kw>
<kw name="Wait Until Element Is Visible" library="AppiumLibrary">
<arg>${CLICKCLI}</arg>
<doc>Waits until element specified with `locator` is visible.</doc>
<status status="PASS" starttime="20220920 23:45:40.939" endtime="20220920 23:45:42.098"/>
</kw>
<kw name="Click Element" library="AppiumLibrary">
<arg>${CLICKCLI}</arg>
<doc>Click element identified by `locator`.</doc>
<msg timestamp="20220920 23:45:42.105" level="INFO">Clicking element 'xpath=//android.widget.TextView[contains(@text, 'Carteira de Clientes')]'.</msg>
<status status="PASS" starttime="20220920 23:45:42.098" endtime="20220920 23:45:43.967"/>
</kw>
<kw name="Wait Until Element Is Visible" library="AppiumLibrary">
<arg>${LISTCLI}</arg>
<doc>Waits until element specified with `locator` is visible.</doc>
<status status="PASS" starttime="20220920 23:45:43.967" endtime="20220920 23:45:44.049"/>
</kw>
<kw name="Long Press" library="AppiumLibrary">
<arg>${SLCCLI}</arg>
<doc>Long press the element with optional duration</doc>
<status status="PASS" starttime="20220920 23:45:44.049" endtime="20220920 23:45:46.899"/>
</kw>
<kw name="Click Text" library="AppiumLibrary">
<arg>Emitir Pedido</arg>
<doc>Click text identified by ``text``.</doc>
<status status="PASS" starttime="20220920 23:45:46.900" endtime="20220920 23:45:47.135"/>
</kw>
<kw name="Wait Until Element Is Visible" library="AppiumLibrary">
<arg>${BARINFPED}</arg>
<arg>10</arg>
<doc>Waits until element specified with `locator` is visible.</doc>
<status status="PASS" starttime="20220920 23:45:47.135" endtime="20220920 23:45:53.111"/>
</kw>
<status status="PASS" starttime="20220920 23:45:31.833" endtime="20220920 23:45:53.111"/>
</kw>
<kw name="Click Text" library="AppiumLibrary">
<arg>Tipo de Pedido</arg>
<doc>Click text identified by ``text``.</doc>
<status status="PASS" starttime="20220920 23:45:53.112" endtime="20220920 23:45:53.411"/>
</kw>
<kw name="Wait Until Page Contains Element" library="AppiumLibrary">
<arg>${TIPOPED}</arg>
<doc>Waits until element specified with `locator` appears on current page.</doc>
<status status="PASS" starttime="20220920 23:45:53.414" endtime="20220920 23:45:54.343"/>
</kw>
<kw name="Click Element" library="AppiumLibrary">
<arg>${TIPOPED}</arg>
<doc>Click element identified by `locator`.</doc>
<msg timestamp="20220920 23:45:54.350" level="INFO">Clicking element 'xpath=//android.widget.TextView[contains(@text, '01 - Venda Normal')]'.</msg>
<status status="PASS" starttime="20220920 23:45:54.344" endtime="20220920 23:45:55.691"/>
</kw>
<kw name="Click Text" library="AppiumLibrary">
<arg>Condição de Pagamento</arg>
<doc>Click text identified by ``text``.</doc>
<status status="PASS" starttime="20220920 23:45:55.692" endtime="20220920 23:45:55.985"/>
</kw>
<kw name="Wait Until Page Contains Element" library="AppiumLibrary">
<arg>${CONDPAGTO}</arg>
<doc>Waits until element specified with `locator` appears on current page.</doc>
<status status="PASS" starttime="20220920 23:45:55.989" endtime="20220920 23:45:56.917"/>
</kw>
<kw name="Click Element" library="AppiumLibrary">
<arg>${CONDPAGTO}</arg>
<doc>Click element identified by `locator`.</doc>
<msg timestamp="20220920 23:45:56.922" level="INFO">Clicking element 'xpath=//android.widget.TextView[contains(@text, '175 - À VISTA - 0 dias')]'.</msg>
<status status="PASS" starttime="20220920 23:45:56.918" endtime="20220920 23:45:58.202"/>
</kw>
<kw name="Swipe By Percent" library="AppiumLibrary">
<arg>77.31</arg>
<arg>68.43</arg>
<arg>71.57</arg>
<arg>53.12</arg>
<doc>Swipe from one percent of the screen to another percent, for an optional duration.
Normal swipe fails to scale for different screen resolutions, this can be avoided using percent.</doc>
<status status="PASS" starttime="20220920 23:45:58.203" endtime="20220920 23:45:59.822"/>
</kw>
<kw name="Wait Until Page Contains Element" library="AppiumLibrary">
<arg>${FORMAPAGTO}</arg>
<doc>Waits until element specified with `locator` appears on current page.</doc>
<status status="PASS" starttime="20220920 23:45:59.823" endtime="20220920 23:46:00.040"/>
</kw>
<kw name="Click Element" library="AppiumLibrary">
<arg>${PESQITENS}</arg>
<doc>Click element identified by `locator`.</doc>
<msg timestamp="20220920 23:46:00.054" level="INFO">Clicking element 'xpath=//android.widget.LinearLayout[@content-desc="PesquisaItens"]'.</msg>
<status status="PASS" starttime="20220920 23:46:00.046" endtime="20220920 23:46:00.770"/>
</kw>
<kw name="Wait Until Page Contains Element" library="AppiumLibrary">
<arg>${GOITENS}</arg>
<doc>Waits until element specified with `locator` appears on current page.</doc>
<status status="PASS" starttime="20220920 23:46:00.772" endtime="20220920 23:46:02.829"/>
</kw>
<kw name="Click Element" library="AppiumLibrary">
<arg>${GOITENS}</arg>
<doc>Click element identified by `locator`.</doc>
<msg timestamp="20220920 23:46:02.837" level="INFO">Clicking element 'xpath=//android.widget.TextView[contains(@text, 'Exibindo 0 iten(s)')]'.</msg>
<status status="PASS" starttime="20220920 23:46:02.830" endtime="20220920 23:46:03.330"/>
</kw>
<kw name="Wait Until Page Contains Element" library="AppiumLibrary">
<arg>${GRUPOPROD}</arg>
<doc>Waits until element specified with `locator` appears on current page.</doc>
<status status="PASS" starttime="20220920 23:46:03.337" endtime="20220920 23:46:04.258"/>
</kw>
<kw name="Click Element" library="AppiumLibrary">
<arg>${GRUPOPROD}</arg>
<doc>Click element identified by `locator`.</doc>
<msg timestamp="20220920 23:46:04.266" level="INFO">Clicking element 'xpath=//android.widget.TextView[contains(@text, 'Famílias')]'.</msg>
<status status="PASS" starttime="20220920 23:46:04.259" endtime="20220920 23:46:05.913"/>
</kw>
<kw name="Wait Until Page Contains Element" library="AppiumLibrary">
<arg>xpath=//android.widget.TextView[contains(@text, 'BLACK')]</arg>
<doc>Waits until element specified with `locator` appears on current page.</doc>
<status status="PASS" starttime="20220920 23:46:05.914" endtime="20220920 23:46:06.213"/>
</kw>
<kw name="Click Element" library="AppiumLibrary">
<arg>xpath=//android.widget.TextView[contains(@text, 'BLACK')]</arg>
<doc>Click element identified by `locator`.</doc>
<msg timestamp="20220920 23:46:06.219" level="INFO">Clicking element 'xpath=//android.widget.TextView[contains(@text, 'BLACK')]'.</msg>
<status status="PASS" starttime="20220920 23:46:06.214" endtime="20220920 23:46:06.881"/>
</kw>
<kw name="Click Element" library="AppiumLibrary">
<arg>${BTNCONFIRMAR2}</arg>
<doc>Click element identified by `locator`.</doc>
<msg timestamp="20220920 23:46:06.896" level="INFO">Clicking element 'xpath=//android.widget.Button[@content-desc="Confirmar"]'.</msg>
<status status="PASS" starttime="20220920 23:46:06.889" endtime="20220920 23:46:07.688"/>
</kw>
<kw name="Wait Until Page Contains Element" library="AppiumLibrary">
<arg>xpath=//android.widget.TextView[contains(@text, '8841.70 - AD DISPLAY MODULO ARTDECO')]</arg>
<doc>Waits until element specified with `locator` appears on current page.</doc>
<status status="PASS" starttime="20220920 23:46:07.693" endtime="20220920 23:46:09.257"/>
</kw>
<kw name="Click Element" library="AppiumLibrary">
<arg>xpath=//android.widget.TextView[contains(@text, '8841.70 - AD DISPLAY MODULO ARTDECO')]</arg>
<doc>Click element identified by `locator`.</doc>
<msg timestamp="20220920 23:46:09.266" level="INFO">Clicking element 'xpath=//android.widget.TextView[contains(@text, '8841.70 - AD DISPLAY MODULO ARTDECO')]'.</msg>
<status status="PASS" starttime="20220920 23:46:09.258" endtime="20220920 23:46:09.985"/>
</kw>
<kw name="Wait Until Page Contains Element" library="AppiumLibrary">
<arg>${QTD}</arg>
<arg>10s</arg>
<doc>Waits until element specified with `locator` appears on current page.</doc>
<status status="PASS" starttime="20220920 23:46:09.986" endtime="20220920 23:46:15.273"/>
</kw>
<kw name="Input Text" library="AppiumLibrary">
<arg>${QTD}</arg>
<arg>2</arg>
<doc>Types the given `text` into text field identified by `locator`.</doc>
<msg timestamp="20220920 23:46:15.281" level="INFO">Typing text '2' into text field 'xpath=//android.widget.LinearLayout[1]/android.widget.EditText'</msg>
<status status="PASS" starttime="20220920 23:46:15.275" endtime="20220920 23:46:15.481"/>
</kw>
<kw name="Click Element" library="AppiumLibrary">
<arg>${BTNCONFIRMAR2}</arg>
<doc>Click element identified by `locator`.</doc>
<msg timestamp="20220920 23:46:15.491" level="INFO">Clicking element 'xpath=//android.widget.Button[@content-desc="Confirmar"]'.</msg>
<status status="PASS" starttime="20220920 23:46:15.485" endtime="20220920 23:46:16.070"/>
</kw>
<kw name="Wait Until Page Contains Element" library="AppiumLibrary">
<arg>xpath=//android.widget.LinearLayout[1]/android.widget.LinearLayout/android.widget.ImageView</arg>
<doc>Waits until element specified with `locator` appears on current page.</doc>
<status status="PASS" starttime="20220920 23:46:16.072" endtime="20220920 23:46:19.895"/>
</kw>
<kw name="Click Element" library="AppiumLibrary">
<arg>${ABAENTREGA}</arg>
<doc>Click element identified by `locator`.</doc>
<msg timestamp="20220920 23:46:19.907" level="INFO">Clicking element 'xpath=//android.widget.LinearLayout[@content-desc="Entrega"]/android.widget.TextView'.</msg>
<status status="PASS" starttime="20220920 23:46:19.900" endtime="20220920 23:46:20.526"/>
</kw>
<kw name="Wait Until Page Contains Element" library="AppiumLibrary">
<arg>${ENDALT}</arg>
<doc>Waits until element specified with `locator` appears on current page.</doc>
<status status="PASS" starttime="20220920 23:46:20.528" endtime="20220920 23:46:21.343"/>
</kw>
<kw name="Click Element" library="AppiumLibrary">
<arg>${ENDALT}</arg>
<doc>Click element identified by `locator`.</doc>
<msg timestamp="20220920 23:46:21.349" level="INFO">Clicking element 'xpath=//android.widget.TextView[contains(@text, 'Endereço Alternativo')]'.</msg>
<status status="PASS" starttime="20220920 23:46:21.344" endtime="20220920 23:46:21.810"/>
</kw>
<kw name="Wait Until Page Contains Element" library="AppiumLibrary">
<arg>${ENDCLI}</arg>
<doc>Waits until element specified with `locator` appears on current page.</doc>
<status status="PASS" starttime="20220920 23:46:21.812" endtime="20220920 23:46:22.586"/>
</kw>
<kw name="Click Element" library="AppiumLibrary">
<arg>${ENDCLI}</arg>
<doc>Click element identified by `locator`.</doc>
<msg timestamp="20220920 23:46:22.595" level="INFO">Clicking element 'xpath=//android.widget.TextView[contains(@text, 'Endereço do Cliente')]'.</msg>
<status status="PASS" starttime="20220920 23:46:22.588" endtime="20220920 23:46:23.444"/>
</kw>
<kw name="Wait Until Page Contains Element" library="AppiumLibrary">
<arg>${CONFPED}</arg>
<doc>Waits until element specified with `locator` appears on current page.</doc>
<status status="PASS" starttime="20220920 23:46:23.446" endtime="20220920 23:46:23.550"/>
</kw>
<kw name="Click Element" library="AppiumLibrary">
<arg>${CONFPED}</arg>
<doc>Click element identified by `locator`.</doc>
<msg timestamp="20220920 23:46:23.559" level="INFO">Clicking element 'xpath=//android.widget.Button[@content-desc="Confirma"]'.</msg>
<status status="PASS" starttime="20220920 23:46:23.551" endtime="20220920 23:46:23.766"/>
</kw>
<kw name="Wait Until Page Contains Element" library="AppiumLibrary">
<arg>${BTNFINPED}</arg>
<arg>10s</arg>
<doc>Waits until element specified with `locator` appears on current page.</doc>
<status status="PASS" starttime="20220920 23:46:23.774" endtime="20220920 23:46:25.137"/>
</kw>
<kw name="Click Element" library="AppiumLibrary">
<arg>${BTNFINPED}</arg>
<doc>Click element identified by `locator`.</doc>
<msg timestamp="20220920 23:46:25.147" level="INFO">Clicking element 'xpath=//android.widget.LinearLayout/android.widget.Button[1]'.</msg>
<status status="PASS" starttime="20220920 23:46:25.140" endtime="20220920 23:46:25.354"/>
</kw>
<kw name="Sleep" library="BuiltIn">
<arg>4s</arg>
<doc>Pauses the test executed for the given time.</doc>
<msg timestamp="20220920 23:46:29.371" level="INFO">Slept 4 seconds</msg>
<status status="PASS" starttime="20220920 23:46:25.357" endtime="20220920 23:46:29.372"/>
</kw>
<kw name="Close Session" library="base" type="TEARDOWN">
<kw name="Capture Page Screenshot" library="AppiumLibrary">
<doc>Takes a screenshot of the current page and embeds it into the log.</doc>
<msg timestamp="20220920 23:46:30.052" level="INFO" html="true">&lt;/td&gt;&lt;/tr&gt;&lt;tr&gt;&lt;td colspan="3"&gt;&lt;a href="appium-screenshot-1.png"&gt;&lt;img src="appium-screenshot-1.png" width="800px"&gt;&lt;/a&gt;</msg>
<status status="PASS" starttime="20220920 23:46:29.373" endtime="20220920 23:46:30.052"/>
</kw>
<kw name="Close Application" library="AppiumLibrary">
<doc>Closes the current application and also close webdriver session.</doc>
<status status="PASS" starttime="20220920 23:46:30.052" endtime="20220920 23:46:31.307"/>
</kw>
<status status="PASS" starttime="20220920 23:46:29.373" endtime="20220920 23:46:31.307"/>
</kw>
<status status="PASS" starttime="20220920 23:45:06.833" endtime="20220920 23:46:31.318"/>
</test>
<status status="PASS" starttime="20220920 23:45:06.420" endtime="20220920 23:46:31.339"/>
</suite>
<statistics>
<total>
<stat pass="1" fail="0" skip="0">All Tests</stat>
</total>
<tag>
</tag>
<suite>
<stat pass="1" fail="0" skip="0" id="s1" name="Pedido">Pedido</stat>
</suite>
</statistics>
<errors>
</errors>
</robot>
